<?xml version="1.0" encoding="UTF-8"?>
<testng-results skipped="0" failed="1" total="1" passed="0">
  <reporter-output>
  </reporter-output>
  <suite name="Default suite" duration-ms="22991" started-at="2020-12-15T18:31:57Z" finished-at="2020-12-15T18:32:20Z">
    <groups>
    </groups>
    <test name="Default test" duration-ms="22991" started-at="2020-12-15T18:31:57Z" finished-at="2020-12-15T18:32:20Z">
      <class name="tests.AmazonShoppingTest">
        <test-method status="PASS" signature="setUpAppiumServer()[pri:0, instance:tests.AmazonShoppingTest@59a6e353]" name="setUpAppiumServer" is-config="true" duration-ms="17" started-at="2020-12-16T00:01:57Z" finished-at="2020-12-16T00:01:57Z">
          <reporter-output>
          </reporter-output>
        </test-method> <!-- setUpAppiumServer -->
        <test-method status="PASS" signature="setup()[pri:0, instance:tests.AmazonShoppingTest@59a6e353]" name="setup" is-config="true" duration-ms="15590" started-at="2020-12-16T00:01:57Z" finished-at="2020-12-16T00:02:13Z">
          <reporter-output>
          </reporter-output>
        </test-method> <!-- setup -->
        <test-method status="PASS" signature="beforeMethod(java.lang.reflect.Method)[pri:0, instance:tests.AmazonShoppingTest@59a6e353]" name="beforeMethod" is-config="true" duration-ms="5" started-at="2020-12-16T00:02:13Z" finished-at="2020-12-16T00:02:13Z">
          <params>
            <param index="0">
              <value>
                <![CDATA[public void tests.AmazonShoppingTest.validateAmazonProductAdded() throws java.lang.Exception]]>
              </value>
            </param>
          </params>
          <reporter-output>
          </reporter-output>
        </test-method> <!-- beforeMethod -->
        <test-method status="FAIL" signature="validateAmazonProductAdded()[pri:1, instance:tests.AmazonShoppingTest@59a6e353]" name="validateAmazonProductAdded" duration-ms="7143" started-at="2020-12-16T00:02:13Z" finished-at="2020-12-16T00:02:20Z">
          <exception class="org.openqa.selenium.StaleElementReferenceException">
            <message>
              <![CDATA[androidx.test.uiautomator.StaleObjectException
For documentation on this error, please visit: http://seleniumhq.org/exceptions/stale_element_reference.html
Build info: version: '3.14.0', revision: 'aacccce0', time: '2018-08-02T20:19:58.91Z'
System info: host: 'QHPUNM7LP082', ip: '192.168.162.37', os.name: 'Windows 10', os.arch: 'amd64', os.version: '10.0', java.version: '1.8.0_202'
Driver info: io.appium.java_client.AppiumDriver
Capabilities {appActivity: com.amazon.mShop.home.HomeA..., appPackage: com.amazon.mShop.android.sh..., autoGrantPermissions: true, automationName: UiAutomator2, databaseEnabled: false, desired: {appActivity: com.amazon.mShop.home.HomeA..., appPackage: com.amazon.mShop.android.sh..., autoGrantPermissions: true, automationName: UiAutomator2, deviceName: 013b138b2285ab89, fullReset: false, noReset: true, platformName: android, platformVersion: 8.1.0}, deviceApiLevel: 27, deviceManufacturer: LGE, deviceModel: Nexus 5X, deviceName: 013b138b2285ab89, deviceScreenDensity: 420, deviceScreenSize: 1080x1920, deviceUDID: 013b138b2285ab89, fullReset: false, javascriptEnabled: true, locationContextEnabled: false, networkConnectionEnabled: true, noReset: true, pixelRatio: 2.625, platform: LINUX, platformName: LINUX, platformVersion: 8.1.0, statBarHeight: 63, takesScreenshot: true, viewportRect: {height: 1731, left: 0, top: 63, width: 1080}, warnings: {}, webStorageEnabled: false}
Session ID: 5a7135e0-f279-4464-995b-7cc382b2f71b]]>
            </message>
            <full-stacktrace>
              <![CDATA[org.openqa.selenium.StaleElementReferenceException: androidx.test.uiautomator.StaleObjectException
For documentation on this error, please visit: http://seleniumhq.org/exceptions/stale_element_reference.html
Build info: version: '3.14.0', revision: 'aacccce0', time: '2018-08-02T20:19:58.91Z'
System info: host: 'QHPUNM7LP082', ip: '192.168.162.37', os.name: 'Windows 10', os.arch: 'amd64', os.version: '10.0', java.version: '1.8.0_202'
Driver info: io.appium.java_client.AppiumDriver
Capabilities {appActivity: com.amazon.mShop.home.HomeA..., appPackage: com.amazon.mShop.android.sh..., autoGrantPermissions: true, automationName: UiAutomator2, databaseEnabled: false, desired: {appActivity: com.amazon.mShop.home.HomeA..., appPackage: com.amazon.mShop.android.sh..., autoGrantPermissions: true, automationName: UiAutomator2, deviceName: 013b138b2285ab89, fullReset: false, noReset: true, platformName: android, platformVersion: 8.1.0}, deviceApiLevel: 27, deviceManufacturer: LGE, deviceModel: Nexus 5X, deviceName: 013b138b2285ab89, deviceScreenDensity: 420, deviceScreenSize: 1080x1920, deviceUDID: 013b138b2285ab89, fullReset: false, javascriptEnabled: true, locationContextEnabled: false, networkConnectionEnabled: true, noReset: true, pixelRatio: 2.625, platform: LINUX, platformName: LINUX, platformVersion: 8.1.0, statBarHeight: 63, takesScreenshot: true, viewportRect: {height: 1731, left: 0, top: 63, width: 1080}, warnings: {}, webStorageEnabled: false}
Session ID: 5a7135e0-f279-4464-995b-7cc382b2f71b
	at sun.reflect.NativeConstructorAccessorImpl.newInstance0(Native Method)
	at sun.reflect.NativeConstructorAccessorImpl.newInstance(NativeConstructorAccessorImpl.java:62)
	at sun.reflect.DelegatingConstructorAccessorImpl.newInstance(DelegatingConstructorAccessorImpl.java:45)
	at java.lang.reflect.Constructor.newInstance(Constructor.java:423)
	at org.openqa.selenium.remote.http.W3CHttpResponseCodec.createException(W3CHttpResponseCodec.java:187)
	at org.openqa.selenium.remote.http.W3CHttpResponseCodec.decode(W3CHttpResponseCodec.java:122)
	at org.openqa.selenium.remote.http.W3CHttpResponseCodec.decode(W3CHttpResponseCodec.java:49)
	at org.openqa.selenium.remote.HttpCommandExecutor.execute(HttpCommandExecutor.java:158)
	at io.appium.java_client.remote.AppiumCommandExecutor.execute(AppiumCommandExecutor.java:239)
	at org.openqa.selenium.remote.RemoteWebDriver.execute(RemoteWebDriver.java:548)
	at io.appium.java_client.DefaultGenericMobileDriver.execute(DefaultGenericMobileDriver.java:42)
	at io.appium.java_client.AppiumDriver.execute(AppiumDriver.java:1)
	at org.openqa.selenium.remote.RemoteWebElement.execute(RemoteWebElement.java:276)
	at io.appium.java_client.DefaultGenericMobileElement.execute(DefaultGenericMobileElement.java:45)
	at io.appium.java_client.MobileElement.execute(MobileElement.java:1)
	at io.appium.java_client.android.AndroidElement.execute(AndroidElement.java:1)
	at org.openqa.selenium.remote.RemoteWebElement.isDisplayed(RemoteWebElement.java:317)
	at sun.reflect.NativeMethodAccessorImpl.invoke0(Native Method)
	at sun.reflect.NativeMethodAccessorImpl.invoke(NativeMethodAccessorImpl.java:62)
	at sun.reflect.DelegatingMethodAccessorImpl.invoke(DelegatingMethodAccessorImpl.java:43)
	at java.lang.reflect.Method.invoke(Method.java:498)
	at io.appium.java_client.pagefactory.ElementInterceptor.getObject(ElementInterceptor.java:40)
	at io.appium.java_client.pagefactory.interceptors.InterceptorOfASingleElement.intercept(InterceptorOfASingleElement.java:60)
	at io.appium.java_client.android.AndroidElement$$EnhancerByCGLIB$$b598166c.isDisplayed(<generated>)
	at pages.BasePage.waitForElementToBeDisplayed(BasePage.java:87)
	at pages.LoginPage.setEmailAddress(LoginPage.java:64)
	at tests.AmazonShoppingTest.validateAmazonProductAdded(AmazonShoppingTest.java:25)
	at sun.reflect.NativeMethodAccessorImpl.invoke0(Native Method)
	at sun.reflect.NativeMethodAccessorImpl.invoke(NativeMethodAccessorImpl.java:62)
	at sun.reflect.DelegatingMethodAccessorImpl.invoke(DelegatingMethodAccessorImpl.java:43)
	at java.lang.reflect.Method.invoke(Method.java:498)
	at org.testng.internal.MethodInvocationHelper.invokeMethod(MethodInvocationHelper.java:86)
	at org.testng.internal.Invoker.invokeMethod(Invoker.java:645)
	at org.testng.internal.Invoker.invokeTestMethod(Invoker.java:822)
	at org.testng.internal.Invoker.invokeTestMethods(Invoker.java:1130)
	at org.testng.internal.TestMethodWorker.invokeTestMethods(TestMethodWorker.java:129)
	at org.testng.internal.TestMethodWorker.run(TestMethodWorker.java:112)
	at org.testng.TestRunner.privateRun(TestRunner.java:782)
	at org.testng.TestRunner.run(TestRunner.java:632)
	at org.testng.SuiteRunner.runTest(SuiteRunner.java:366)
	at org.testng.SuiteRunner.runSequentially(SuiteRunner.java:361)
	at org.testng.SuiteRunner.privateRun(SuiteRunner.java:319)
	at org.testng.SuiteRunner.run(SuiteRunner.java:268)
	at org.testng.SuiteRunnerWorker.runSuite(SuiteRunnerWorker.java:52)
	at org.testng.SuiteRunnerWorker.run(SuiteRunnerWorker.java:86)
	at org.testng.TestNG.runSuitesSequentially(TestNG.java:1244)
	at org.testng.TestNG.runSuitesLocally(TestNG.java:1169)
	at org.testng.TestNG.run(TestNG.java:1064)
	at org.testng.remote.RemoteTestNG.run(RemoteTestNG.java:113)
	at org.testng.remote.RemoteTestNG.initAndRun(RemoteTestNG.java:206)
	at org.testng.remote.RemoteTestNG.main(RemoteTestNG.java:177)
]]>
            </full-stacktrace>
          </exception> <!-- org.openqa.selenium.StaleElementReferenceException -->
          <reporter-output>
          </reporter-output>
        </test-method> <!-- validateAmazonProductAdded -->
        <test-method status="FAIL" signature="afterMethod(org.testng.ITestResult)[pri:0, instance:tests.AmazonShoppingTest@59a6e353]" name="afterMethod" is-config="true" duration-ms="0" started-at="2020-12-16T00:02:20Z" finished-at="2020-12-16T00:02:20Z">
          <params>
            <param index="0">
              <value>
                <![CDATA[[TestResult name=validateAmazonProductAdded status=FAILURE method=AmazonShoppingTest.validateAmazonProductAdded()[pri:1, instance:tests.AmazonShoppingTest@59a6e353] output={null}]]]>
              </value>
            </param>
          </params>
          <exception class="java.io.FileNotFoundException">
            <message>
              <![CDATA[\\src\test\outputfile\Test_Output.xlsx (The network path was not found)]]>
            </message>
            <full-stacktrace>
              <![CDATA[java.io.FileNotFoundException: \\src\test\outputfile\Test_Output.xlsx (The network path was not found)
	at java.io.FileInputStream.open0(Native Method)
	at java.io.FileInputStream.open(FileInputStream.java:195)
	at java.io.FileInputStream.<init>(FileInputStream.java:138)
	at pages.ExcelDataReader.getLastRowIndex(ExcelDataReader.java:75)
	at base.BaseTest.afterMethod(BaseTest.java:120)
	at sun.reflect.NativeMethodAccessorImpl.invoke0(Native Method)
	at sun.reflect.NativeMethodAccessorImpl.invoke(NativeMethodAccessorImpl.java:62)
	at sun.reflect.DelegatingMethodAccessorImpl.invoke(DelegatingMethodAccessorImpl.java:43)
	at java.lang.reflect.Method.invoke(Method.java:498)
	at org.testng.internal.MethodInvocationHelper.invokeMethod(MethodInvocationHelper.java:86)
	at org.testng.internal.Invoker.invokeConfigurationMethod(Invoker.java:514)
	at org.testng.internal.Invoker.invokeConfigurations(Invoker.java:215)
	at org.testng.internal.Invoker.invokeMethod(Invoker.java:709)
	at org.testng.internal.Invoker.invokeTestMethod(Invoker.java:822)
	at org.testng.internal.Invoker.invokeTestMethods(Invoker.java:1130)
	at org.testng.internal.TestMethodWorker.invokeTestMethods(TestMethodWorker.java:129)
	at org.testng.internal.TestMethodWorker.run(TestMethodWorker.java:112)
	at org.testng.TestRunner.privateRun(TestRunner.java:782)
	at org.testng.TestRunner.run(TestRunner.java:632)
	at org.testng.SuiteRunner.runTest(SuiteRunner.java:366)
	at org.testng.SuiteRunner.runSequentially(SuiteRunner.java:361)
	at org.testng.SuiteRunner.privateRun(SuiteRunner.java:319)
	at org.testng.SuiteRunner.run(SuiteRunner.java:268)
	at org.testng.SuiteRunnerWorker.runSuite(SuiteRunnerWorker.java:52)
	at org.testng.SuiteRunnerWorker.run(SuiteRunnerWorker.java:86)
	at org.testng.TestNG.runSuitesSequentially(TestNG.java:1244)
	at org.testng.TestNG.runSuitesLocally(TestNG.java:1169)
	at org.testng.TestNG.run(TestNG.java:1064)
	at org.testng.remote.RemoteTestNG.run(RemoteTestNG.java:113)
	at org.testng.remote.RemoteTestNG.initAndRun(RemoteTestNG.java:206)
	at org.testng.remote.RemoteTestNG.main(RemoteTestNG.java:177)
]]>
            </full-stacktrace>
          </exception> <!-- java.io.FileNotFoundException -->
          <reporter-output>
          </reporter-output>
        </test-method> <!-- afterMethod -->
        <test-method status="SKIP" signature="tearDown()[pri:0, instance:tests.AmazonShoppingTest@59a6e353]" name="tearDown" is-config="true" duration-ms="0" started-at="2020-12-16T00:02:20Z" finished-at="2020-12-16T00:02:20Z">
          <reporter-output>
          </reporter-output>
        </test-method> <!-- tearDown -->
        <test-method status="SKIP" signature="afterSuite()[pri:0, instance:tests.AmazonShoppingTest@59a6e353]" name="afterSuite" is-config="true" duration-ms="0" started-at="2020-12-16T00:02:20Z" finished-at="2020-12-16T00:02:20Z">
          <reporter-output>
          </reporter-output>
        </test-method> <!-- afterSuite -->
      </class> <!-- tests.AmazonShoppingTest -->
    </test> <!-- Default test -->
  </suite> <!-- Default suite -->
</testng-results>
